# JRE version: OpenJDK Runtime Environment Temurin-17.0.7+7 (17.0.7+7) (build 17.0.7+7)
# Java VM: OpenJDK 64-Bit Server VM Temurin-17.0.7+7 (17.0.7+7, mixed mode, tiered, compressed oops, compressed class ptrs, parallel gc, windows-amd64)
GC Precious Log:
 CPUs: 12 total, 12 available
 Memory: 15706M
 Large Page Support: Disabled
 NUMA Support: Disabled
 Compressed Oops: Enabled (32-bit)
 Alignments: Space 512K, Generation 512K, Heap 2M
 Heap Min Capacity: 100M
 Heap Initial Capacity: 100M
 Heap Max Capacity: 1G
 Pre-touch: Disabled
 Parallel Workers: 10
Heap:
 PSYoungGen      total 20480K, used 7004K [0x00000000eab00000, 0x00000000ec280000, 0x0000000100000000)
  eden space 17920K, 33% used [0x00000000eab00000,0x00000000eb0f11f0,0x00000000ebc80000)
  from space 2560K, 35% used [0x00000000ebe00000,0x00000000ebee5f50,0x00000000ec080000)
  to   space 1536K, 0% used [0x00000000ec100000,0x00000000ec100000,0x00000000ec280000)
 ParOldGen       total 68608K, used 33452K [0x00000000c0000000, 0x00000000c4300000, 0x00000000eab00000)
  object space 68608K, 48% used [0x00000000c0000000,0x00000000c20ab020,0x00000000c4300000)
 Metaspace       used 56023K, committed 56960K, reserved 1114112K
  class space    used 6582K, committed 7040K, reserved 1048576K
GC Heap History (20 events):
Event: 6.380 GC heap before
{Heap before GC invocations=14 (full 2):
 PSYoungGen      total 24064K, used 23627K [0x00000000eab00000, 0x00000000ec600000, 0x0000000100000000)
  eden space 22528K, 99% used [0x00000000eab00000,0x00000000ec0fef90,0x00000000ec100000)
  from space 1536K, 71% used [0x00000000ec380000,0x00000000ec494010,0x00000000ec500000)
  to   space 1024K, 0% used [0x00000000ec500000,0x00000000ec500000,0x00000000ec600000)
 ParOldGen       total 68608K, used 12779K [0x00000000c0000000, 0x00000000c4300000, 0x00000000eab00000)
  object space 68608K, 18% used [0x00000000c0000000,0x00000000c0c7aee8,0x00000000c4300000)
 Metaspace       used 43214K, committed 43968K, reserved 1114112K
  class space    used 4644K, committed 4992K, reserved 1048576K
}
Event: 6.382 GC heap after
{Heap after GC invocations=14 (full 2):
 PSYoungGen      total 23040K, used 1024K [0x00000000eab00000, 0x00000000ec600000, 0x0000000100000000)
  eden space 22016K, 0% used [0x00000000eab00000,0x00000000eab00000,0x00000000ec080000)
  from space 1024K, 100% used [0x00000000ec500000,0x00000000ec600000,0x00000000ec600000)
  to   space 2560K, 0% used [0x00000000ec100000,0x00000000ec100000,0x00000000ec380000)
 ParOldGen       total 68608K, used 13809K [0x00000000c0000000, 0x00000000c4300000, 0x00000000eab00000)
  object space 68608K, 20% used [0x00000000c0000000,0x00000000c0d7c498,0x00000000c4300000)
 Metaspace       used 43214K, committed 43968K, reserved 1114112K
  class space    used 4644K, committed 4992K, reserved 1048576K
}
Event: 7.027 GC heap before
{Heap before GC invocations=15 (full 2):
 PSYoungGen      total 23040K, used 23040K [0x00000000eab00000, 0x00000000ec600000, 0x0000000100000000)
  eden space 22016K, 100% used [0x00000000eab00000,0x00000000ec080000,0x00000000ec080000)
  from space 1024K, 100% used [0x00000000ec500000,0x00000000ec600000,0x00000000ec600000)
  to   space 2560K, 0% used [0x00000000ec100000,0x00000000ec100000,0x00000000ec380000)
 ParOldGen       total 68608K, used 13809K [0x00000000c0000000, 0x00000000c4300000, 0x00000000eab00000)
  object space 68608K, 20% used [0x00000000c0000000,0x00000000c0d7c498,0x00000000c4300000)
 Metaspace       used 45923K, committed 46784K, reserved 1114112K
  class space    used 5008K, committed 5376K, reserved 1048576K
}
Event: 7.030 GC heap after
{Heap after GC invocations=15 (full 2):
 PSYoungGen      total 24576K, used 1381K [0x00000000eab00000, 0x00000000ec580000, 0x0000000100000000)
  eden space 22016K, 0% used [0x00000000eab00000,0x00000000eab00000,0x00000000ec080000)
  from space 2560K, 53% used [0x00000000ec100000,0x00000000ec2595c0,0x00000000ec380000)
  to   space 2048K, 0% used [0x00000000ec380000,0x00000000ec380000,0x00000000ec580000)
 ParOldGen       total 68608K, used 14856K [0x00000000c0000000, 0x00000000c4300000, 0x00000000eab00000)
  object space 68608K, 21% used [0x00000000c0000000,0x00000000c0e82198,0x00000000c4300000)
 Metaspace       used 45923K, committed 46784K, reserved 1114112K
  class space    used 5008K, committed 5376K, reserved 1048576K
}
Event: 7.309 GC heap before
{Heap before GC invocations=16 (full 2):
 PSYoungGen      total 24576K, used 23397K [0x00000000eab00000, 0x00000000ec580000, 0x0000000100000000)
  eden space 22016K, 99% used [0x00000000eab00000,0x00000000ec07ffe8,0x00000000ec080000)
  from space 2560K, 53% used [0x00000000ec100000,0x00000000ec2595c0,0x00000000ec380000)
  to   space 2048K, 0% used [0x00000000ec380000,0x00000000ec380000,0x00000000ec580000)
 ParOldGen       total 68608K, used 14856K [0x00000000c0000000, 0x00000000c4300000, 0x00000000eab00000)
  object space 68608K, 21% used [0x00000000c0000000,0x00000000c0e82198,0x00000000c4300000)
 Metaspace       used 47542K, committed 48384K, reserved 1114112K
  class space    used 5238K, committed 5632K, reserved 1048576K
}
Event: 7.314 GC heap after
{Heap after GC invocations=16 (full 2):
 PSYoungGen      total 20480K, used 2043K [0x00000000eab00000, 0x00000000ecd80000, 0x0000000100000000)
  eden space 18432K, 0% used [0x00000000eab00000,0x00000000eab00000,0x00000000ebd00000)
  from space 2048K, 99% used [0x00000000ec380000,0x00000000ec57ef58,0x00000000ec580000)
  to   space 6656K, 0% used [0x00000000ebd00000,0x00000000ebd00000,0x00000000ec380000)
 ParOldGen       total 68608K, used 18269K [0x00000000c0000000, 0x00000000c4300000, 0x00000000eab00000)
  object space 68608K, 26% used [0x00000000c0000000,0x00000000c11d7728,0x00000000c4300000)
 Metaspace       used 47542K, committed 48384K, reserved 1114112K
  class space    used 5238K, committed 5632K, reserved 1048576K
}
Event: 7.564 GC heap before
{Heap before GC invocations=17 (full 2):
 PSYoungGen      total 20480K, used 20475K [0x00000000eab00000, 0x00000000ecd80000, 0x0000000100000000)
  eden space 18432K, 100% used [0x00000000eab00000,0x00000000ebd00000,0x00000000ebd00000)
  from space 2048K, 99% used [0x00000000ec380000,0x00000000ec57ef58,0x00000000ec580000)
  to   space 6656K, 0% used [0x00000000ebd00000,0x00000000ebd00000,0x00000000ec380000)
 ParOldGen       total 68608K, used 18269K [0x00000000c0000000, 0x00000000c4300000, 0x00000000eab00000)
  object space 68608K, 26% used [0x00000000c0000000,0x00000000c11d7728,0x00000000c4300000)
 Metaspace       used 48113K, committed 49024K, reserved 1114112K
  class space    used 5288K, committed 5760K, reserved 1048576K
}
Event: 7.567 GC heap after
{Heap after GC invocations=17 (full 2):
 PSYoungGen      total 22016K, used 3328K [0x00000000eab00000, 0x00000000ec500000, 0x0000000100000000)
  eden space 18432K, 0% used [0x00000000eab00000,0x00000000eab00000,0x00000000ebd00000)
  from space 3584K, 92% used [0x00000000ebd00000,0x00000000ec040000,0x00000000ec080000)
  to   space 4096K, 0% used [0x00000000ec100000,0x00000000ec100000,0x00000000ec500000)
 ParOldGen       total 68608K, used 18477K [0x00000000c0000000, 0x00000000c4300000, 0x00000000eab00000)
  object space 68608K, 26% used [0x00000000c0000000,0x00000000c120b6d8,0x00000000c4300000)
 Metaspace       used 48113K, committed 49024K, reserved 1114112K
  class space    used 5288K, committed 5760K, reserved 1048576K
}
Event: 7.900 GC heap before
{Heap before GC invocations=18 (full 2):
 PSYoungGen      total 22016K, used 21760K [0x00000000eab00000, 0x00000000ec500000, 0x0000000100000000)
  eden space 18432K, 100% used [0x00000000eab00000,0x00000000ebd00000,0x00000000ebd00000)
  from space 3584K, 92% used [0x00000000ebd00000,0x00000000ec040000,0x00000000ec080000)
  to   space 4096K, 0% used [0x00000000ec100000,0x00000000ec100000,0x00000000ec500000)
 ParOldGen       total 68608K, used 18477K [0x00000000c0000000, 0x00000000c4300000, 0x00000000eab00000)
  object space 68608K, 26% used [0x00000000c0000000,0x00000000c120b6d8,0x00000000c4300000)
 Metaspace       used 49402K, committed 50304K, reserved 1114112K
  class space    used 5494K, committed 5952K, reserved 1048576K
}
Event: 7.905 GC heap after
{Heap after GC invocations=18 (full 2):
 PSYoungGen      total 22016K, used 4021K [0x00000000eab00000, 0x00000000ec600000, 0x0000000100000000)
  eden space 17920K, 0% used [0x00000000eab00000,0x00000000eab00000,0x00000000ebc80000)
  from space 4096K, 98% used [0x00000000ec100000,0x00000000ec4ed5c0,0x00000000ec500000)
  to   space 4608K, 0% used [0x00000000ebc80000,0x00000000ebc80000,0x00000000ec100000)
 ParOldGen       total 68608K, used 24121K [0x00000000c0000000, 0x00000000c4300000, 0x00000000eab00000)
  object space 68608K, 35% used [0x00000000c0000000,0x00000000c178e700,0x00000000c4300000)
 Metaspace       used 49402K, committed 50304K, reserved 1114112K
  class space    used 5494K, committed 5952K, reserved 1048576K
}
Event: 8.282 GC heap before
{Heap before GC invocations=19 (full 2):
 PSYoungGen      total 22016K, used 21941K [0x00000000eab00000, 0x00000000ec600000, 0x0000000100000000)
  eden space 17920K, 100% used [0x00000000eab00000,0x00000000ebc80000,0x00000000ebc80000)
  from space 4096K, 98% used [0x00000000ec100000,0x00000000ec4ed5c0,0x00000000ec500000)
  to   space 4608K, 0% used [0x00000000ebc80000,0x00000000ebc80000,0x00000000ec100000)
 ParOldGen       total 68608K, used 24121K [0x00000000c0000000, 0x00000000c4300000, 0x00000000eab00000)
  object space 68608K, 35% used [0x00000000c0000000,0x00000000c178e700,0x00000000c4300000)
 Metaspace       used 51077K, committed 51904K, reserved 1114112K
  class space    used 5787K, committed 6208K, reserved 1048576K
}
Event: 8.286 GC heap after
{Heap after GC invocations=19 (full 2):
 PSYoungGen      total 18944K, used 736K [0x00000000eab00000, 0x00000000ec180000, 0x0000000100000000)
  eden space 17920K, 0% used [0x00000000eab00000,0x00000000eab00000,0x00000000ebc80000)
  from space 1024K, 71% used [0x00000000ebc80000,0x00000000ebd38000,0x00000000ebd80000)
  to   space 2048K, 0% used [0x00000000ebf80000,0x00000000ebf80000,0x00000000ec180000)
 ParOldGen       total 68608K, used 27894K [0x00000000c0000000, 0x00000000c4300000, 0x00000000eab00000)
  object space 68608K, 40% used [0x00000000c0000000,0x00000000c1b3da08,0x00000000c4300000)
 Metaspace       used 51077K, committed 51904K, reserved 1114112K
  class space    used 5787K, committed 6208K, reserved 1048576K
}
Event: 8.624 GC heap before
{Heap before GC invocations=20 (full 2):
 PSYoungGen      total 18944K, used 18656K [0x00000000eab00000, 0x00000000ec180000, 0x0000000100000000)
  eden space 17920K, 100% used [0x00000000eab00000,0x00000000ebc80000,0x00000000ebc80000)
  from space 1024K, 71% used [0x00000000ebc80000,0x00000000ebd38000,0x00000000ebd80000)
  to   space 2048K, 0% used [0x00000000ebf80000,0x00000000ebf80000,0x00000000ec180000)
 ParOldGen       total 68608K, used 27894K [0x00000000c0000000, 0x00000000c4300000, 0x00000000eab00000)
  object space 68608K, 40% used [0x00000000c0000000,0x00000000c1b3da08,0x00000000c4300000)
 Metaspace       used 51187K, committed 52032K, reserved 1114112K
  class space    used 5799K, committed 6208K, reserved 1048576K
}
Event: 8.625 GC heap after
{Heap after GC invocations=20 (full 2):
 PSYoungGen      total 18944K, used 544K [0x00000000eab00000, 0x00000000ec080000, 0x0000000100000000)
  eden space 17920K, 0% used [0x00000000eab00000,0x00000000eab00000,0x00000000ebc80000)
  from space 1024K, 53% used [0x00000000ebf80000,0x00000000ec008000,0x00000000ec080000)
  to   space 1024K, 0% used [0x00000000ebc80000,0x00000000ebc80000,0x00000000ebd80000)
 ParOldGen       total 68608K, used 28418K [0x00000000c0000000, 0x00000000c4300000, 0x00000000eab00000)
  object space 68608K, 41% used [0x00000000c0000000,0x00000000c1bc0a18,0x00000000c4300000)
 Metaspace       used 51187K, committed 52032K, reserved 1114112K
  class space    used 5799K, committed 6208K, reserved 1048576K
}
Event: 8.875 GC heap before
{Heap before GC invocations=21 (full 2):
 PSYoungGen      total 18944K, used 18464K [0x00000000eab00000, 0x00000000ec080000, 0x0000000100000000)
  eden space 17920K, 100% used [0x00000000eab00000,0x00000000ebc80000,0x00000000ebc80000)
  from space 1024K, 53% used [0x00000000ebf80000,0x00000000ec008000,0x00000000ec080000)
  to   space 1024K, 0% used [0x00000000ebc80000,0x00000000ebc80000,0x00000000ebd80000)
 ParOldGen       total 68608K, used 28418K [0x00000000c0000000, 0x00000000c4300000, 0x00000000eab00000)
  object space 68608K, 41% used [0x00000000c0000000,0x00000000c1bc0a18,0x00000000c4300000)
 Metaspace       used 51645K, committed 52544K, reserved 1114112K
  class space    used 5912K, committed 6336K, reserved 1048576K
}
Event: 8.878 GC heap after
{Heap after GC invocations=21 (full 2):
 PSYoungGen      total 18944K, used 1009K [0x00000000eab00000, 0x00000000ec780000, 0x0000000100000000)
  eden space 17920K, 0% used [0x00000000eab00000,0x00000000eab00000,0x00000000ebc80000)
  from space 1024K, 98% used [0x00000000ebc80000,0x00000000ebd7c638,0x00000000ebd80000)
  to   space 5632K, 0% used [0x00000000ec200000,0x00000000ec200000,0x00000000ec780000)
 ParOldGen       total 68608K, used 32047K [0x00000000c0000000, 0x00000000c4300000, 0x00000000eab00000)
  object space 68608K, 46% used [0x00000000c0000000,0x00000000c1f4bf58,0x00000000c4300000)
 Metaspace       used 51645K, committed 52544K, reserved 1114112K
  class space    used 5912K, committed 6336K, reserved 1048576K
}
Event: 9.224 GC heap before
{Heap before GC invocations=22 (full 2):
 PSYoungGen      total 18944K, used 18929K [0x00000000eab00000, 0x00000000ec780000, 0x0000000100000000)
  eden space 17920K, 100% used [0x00000000eab00000,0x00000000ebc80000,0x00000000ebc80000)
  from space 1024K, 98% used [0x00000000ebc80000,0x00000000ebd7c638,0x00000000ebd80000)
  to   space 5632K, 0% used [0x00000000ec200000,0x00000000ec200000,0x00000000ec780000)
 ParOldGen       total 68608K, used 32047K [0x00000000c0000000, 0x00000000c4300000, 0x00000000eab00000)
  object space 68608K, 46% used [0x00000000c0000000,0x00000000c1f4bf58,0x00000000c4300000)
 Metaspace       used 53684K, committed 54528K, reserved 1114112K
  class space    used 6262K, committed 6656K, reserved 1048576K
}
Event: 9.226 GC heap after
{Heap after GC invocations=22 (full 2):
 PSYoungGen      total 18944K, used 640K [0x00000000eab00000, 0x00000000ec300000, 0x0000000100000000)
  eden space 17920K, 0% used [0x00000000eab00000,0x00000000eab00000,0x00000000ebc80000)
  from space 1024K, 62% used [0x00000000ec200000,0x00000000ec2a0000,0x00000000ec300000)
  to   space 2560K, 0% used [0x00000000ebe00000,0x00000000ebe00000,0x00000000ec080000)
 ParOldGen       total 68608K, used 33019K [0x00000000c0000000, 0x00000000c4300000, 0x00000000eab00000)
  object space 68608K, 48% used [0x00000000c0000000,0x00000000c203efe0,0x00000000c4300000)
 Metaspace       used 53684K, committed 54528K, reserved 1114112K
  class space    used 6262K, committed 6656K, reserved 1048576K
}
Event: 9.963 GC heap before
{Heap before GC invocations=23 (full 2):
 PSYoungGen      total 18944K, used 18559K [0x00000000eab00000, 0x00000000ec300000, 0x0000000100000000)
  eden space 17920K, 99% used [0x00000000eab00000,0x00000000ebc7fff8,0x00000000ebc80000)
  from space 1024K, 62% used [0x00000000ec200000,0x00000000ec2a0000,0x00000000ec300000)
  to   space 2560K, 0% used [0x00000000ebe00000,0x00000000ebe00000,0x00000000ec080000)
 ParOldGen       total 68608K, used 33019K [0x00000000c0000000, 0x00000000c4300000, 0x00000000eab00000)
  object space 68608K, 48% used [0x00000000c0000000,0x00000000c203efe0,0x00000000c4300000)
 Metaspace       used 55335K, committed 56384K, reserved 1114112K
  class space    used 6490K, committed 6976K, reserved 1048576K
}
Event: 9.965 GC heap after
{Heap after GC invocations=23 (full 2):
 PSYoungGen      total 20480K, used 919K [0x00000000eab00000, 0x00000000ec280000, 0x0000000100000000)
  eden space 17920K, 0% used [0x00000000eab00000,0x00000000eab00000,0x00000000ebc80000)
  from space 2560K, 35% used [0x00000000ebe00000,0x00000000ebee5f50,0x00000000ec080000)
  to   space 1536K, 0% used [0x00000000ec100000,0x00000000ec100000,0x00000000ec280000)
 ParOldGen       total 68608K, used 33452K [0x00000000c0000000, 0x00000000c4300000, 0x00000000eab00000)
  object space 68608K, 48% used [0x00000000c0000000,0x00000000c20ab020,0x00000000c4300000)
 Metaspace       used 55335K, committed 56384K, reserved 1114112K
  class space    used 6490K, committed 6976K, reserved 1048576K
}

