# JRE version: OpenJDK Runtime Environment Temurin-17.0.7+7 (17.0.7+7) (build 17.0.7+7)
# Java VM: OpenJDK 64-Bit Server VM Temurin-17.0.7+7 (17.0.7+7, mixed mode, tiered, compressed oops, compressed class ptrs, parallel gc, windows-amd64)
GC Precious Log:
 CPUs: 12 total, 12 available
 Memory: 15706M
 Large Page Support: Disabled
 NUMA Support: Disabled
 Compressed Oops: Enabled (32-bit)
 Alignments: Space 512K, Generation 512K, Heap 2M
 Heap Min Capacity: 100M
 Heap Initial Capacity: 100M
 Heap Max Capacity: 1G
 Pre-touch: Disabled
 Parallel Workers: 10
Heap:
 PSYoungGen      total 14336K, used 14048K [0x00000000eab00000, 0x00000000eba80000, 0x0000000100000000)
  eden space 12800K, 100% used [0x00000000eab00000,0x00000000eb780000,0x00000000eb780000)
  from space 1536K, 81% used [0x00000000eb900000,0x00000000eba38000,0x00000000eba80000)
  to   space 1536K, 16% used [0x00000000eb780000,0x00000000eb7c0000,0x00000000eb900000)
 ParOldGen       total 68608K, used 49791K [0x00000000c0000000, 0x00000000c4300000, 0x00000000eab00000)
  object space 68608K, 72% used [0x00000000c0000000,0x00000000c30a1c88,0x00000000c4300000)
 Metaspace       used 67029K, committed 68032K, reserved 1114112K
  class space    used 8167K, committed 8640K, reserved 1048576K
GC Heap History (20 events):
Event: 406.040 GC heap before
{Heap before GC invocations=76 (full 3):
 PSYoungGen      total 13824K, used 13600K [0x00000000eab00000, 0x00000000eba00000, 0x0000000100000000)
  eden space 12800K, 100% used [0x00000000eab00000,0x00000000eb780000,0x00000000eb780000)
  from space 1024K, 78% used [0x00000000eb900000,0x00000000eb9c8000,0x00000000eba00000)
  to   space 1024K, 0% used [0x00000000eb780000,0x00000000eb780000,0x00000000eb880000)
 ParOldGen       total 68608K, used 43313K [0x00000000c0000000, 0x00000000c4300000, 0x00000000eab00000)
  object space 68608K, 63% used [0x00000000c0000000,0x00000000c2a4c5e0,0x00000000c4300000)
 Metaspace       used 65006K, committed 65920K, reserved 1114112K
  class space    used 7966K, committed 8384K, reserved 1048576K
}
Event: 406.041 GC heap after
{Heap after GC invocations=76 (full 3):
 PSYoungGen      total 13824K, used 768K [0x00000000eab00000, 0x00000000eb980000, 0x0000000100000000)
  eden space 12800K, 0% used [0x00000000eab00000,0x00000000eab00000,0x00000000eb780000)
  from space 1024K, 75% used [0x00000000eb780000,0x00000000eb840000,0x00000000eb880000)
  to   space 1024K, 0% used [0x00000000eb880000,0x00000000eb880000,0x00000000eb980000)
 ParOldGen       total 68608K, used 43377K [0x00000000c0000000, 0x00000000c4300000, 0x00000000eab00000)
  object space 68608K, 63% used [0x00000000c0000000,0x00000000c2a5c5f0,0x00000000c4300000)
 Metaspace       used 65006K, committed 65920K, reserved 1114112K
  class space    used 7966K, committed 8384K, reserved 1048576K
}
Event: 412.387 GC heap before
{Heap before GC invocations=77 (full 3):
 PSYoungGen      total 13824K, used 13568K [0x00000000eab00000, 0x00000000eb980000, 0x0000000100000000)
  eden space 12800K, 100% used [0x00000000eab00000,0x00000000eb780000,0x00000000eb780000)
  from space 1024K, 75% used [0x00000000eb780000,0x00000000eb840000,0x00000000eb880000)
  to   space 1024K, 0% used [0x00000000eb880000,0x00000000eb880000,0x00000000eb980000)
 ParOldGen       total 68608K, used 43377K [0x00000000c0000000, 0x00000000c4300000, 0x00000000eab00000)
  object space 68608K, 63% used [0x00000000c0000000,0x00000000c2a5c5f0,0x00000000c4300000)
 Metaspace       used 65006K, committed 65920K, reserved 1114112K
  class space    used 7966K, committed 8384K, reserved 1048576K
}
Event: 412.388 GC heap after
{Heap after GC invocations=77 (full 3):
 PSYoungGen      total 13824K, used 512K [0x00000000eab00000, 0x00000000eb980000, 0x0000000100000000)
  eden space 12800K, 0% used [0x00000000eab00000,0x00000000eab00000,0x00000000eb780000)
  from space 1024K, 50% used [0x00000000eb880000,0x00000000eb900000,0x00000000eb980000)
  to   space 1024K, 0% used [0x00000000eb780000,0x00000000eb780000,0x00000000eb880000)
 ParOldGen       total 68608K, used 43433K [0x00000000c0000000, 0x00000000c4300000, 0x00000000eab00000)
  object space 68608K, 63% used [0x00000000c0000000,0x00000000c2a6a5f0,0x00000000c4300000)
 Metaspace       used 65006K, committed 65920K, reserved 1114112K
  class space    used 7966K, committed 8384K, reserved 1048576K
}
Event: 415.246 GC heap before
{Heap before GC invocations=78 (full 3):
 PSYoungGen      total 13824K, used 13312K [0x00000000eab00000, 0x00000000eb980000, 0x0000000100000000)
  eden space 12800K, 100% used [0x00000000eab00000,0x00000000eb780000,0x00000000eb780000)
  from space 1024K, 50% used [0x00000000eb880000,0x00000000eb900000,0x00000000eb980000)
  to   space 1024K, 0% used [0x00000000eb780000,0x00000000eb780000,0x00000000eb880000)
 ParOldGen       total 68608K, used 43433K [0x00000000c0000000, 0x00000000c4300000, 0x00000000eab00000)
  object space 68608K, 63% used [0x00000000c0000000,0x00000000c2a6a5f0,0x00000000c4300000)
 Metaspace       used 65126K, committed 66112K, reserved 1114112K
  class space    used 7973K, committed 8384K, reserved 1048576K
}
Event: 415.247 GC heap after
{Heap after GC invocations=78 (full 3):
 PSYoungGen      total 13824K, used 288K [0x00000000eab00000, 0x00000000eb900000, 0x0000000100000000)
  eden space 12800K, 0% used [0x00000000eab00000,0x00000000eab00000,0x00000000eb780000)
  from space 1024K, 28% used [0x00000000eb780000,0x00000000eb7c8000,0x00000000eb880000)
  to   space 512K, 0% used [0x00000000eb880000,0x00000000eb880000,0x00000000eb900000)
 ParOldGen       total 68608K, used 43481K [0x00000000c0000000, 0x00000000c4300000, 0x00000000eab00000)
  object space 68608K, 63% used [0x00000000c0000000,0x00000000c2a765f0,0x00000000c4300000)
 Metaspace       used 65126K, committed 66112K, reserved 1114112K
  class space    used 7973K, committed 8384K, reserved 1048576K
}
Event: 415.597 GC heap before
{Heap before GC invocations=79 (full 3):
 PSYoungGen      total 13824K, used 13088K [0x00000000eab00000, 0x00000000eb900000, 0x0000000100000000)
  eden space 12800K, 100% used [0x00000000eab00000,0x00000000eb780000,0x00000000eb780000)
  from space 1024K, 28% used [0x00000000eb780000,0x00000000eb7c8000,0x00000000eb880000)
  to   space 512K, 0% used [0x00000000eb880000,0x00000000eb880000,0x00000000eb900000)
 ParOldGen       total 68608K, used 43481K [0x00000000c0000000, 0x00000000c4300000, 0x00000000eab00000)
  object space 68608K, 63% used [0x00000000c0000000,0x00000000c2a765f0,0x00000000c4300000)
 Metaspace       used 65958K, committed 66880K, reserved 1114112K
  class space    used 8056K, committed 8448K, reserved 1048576K
}
Event: 415.600 GC heap after
{Heap after GC invocations=79 (full 3):
 PSYoungGen      total 13312K, used 439K [0x00000000eab00000, 0x00000000eb900000, 0x0000000100000000)
  eden space 12800K, 0% used [0x00000000eab00000,0x00000000eab00000,0x00000000eb780000)
  from space 512K, 85% used [0x00000000eb880000,0x00000000eb8edf50,0x00000000eb900000)
  to   space 512K, 0% used [0x00000000eb800000,0x00000000eb800000,0x00000000eb880000)
 ParOldGen       total 68608K, used 43569K [0x00000000c0000000, 0x00000000c4300000, 0x00000000eab00000)
  object space 68608K, 63% used [0x00000000c0000000,0x00000000c2a8c5f0,0x00000000c4300000)
 Metaspace       used 65958K, committed 66880K, reserved 1114112K
  class space    used 8056K, committed 8448K, reserved 1048576K
}
Event: 416.112 GC heap before
{Heap before GC invocations=80 (full 3):
 PSYoungGen      total 13312K, used 13239K [0x00000000eab00000, 0x00000000eb900000, 0x0000000100000000)
  eden space 12800K, 100% used [0x00000000eab00000,0x00000000eb780000,0x00000000eb780000)
  from space 512K, 85% used [0x00000000eb880000,0x00000000eb8edf50,0x00000000eb900000)
  to   space 512K, 0% used [0x00000000eb800000,0x00000000eb800000,0x00000000eb880000)
 ParOldGen       total 68608K, used 43569K [0x00000000c0000000, 0x00000000c4300000, 0x00000000eab00000)
  object space 68608K, 63% used [0x00000000c0000000,0x00000000c2a8c5f0,0x00000000c4300000)
 Metaspace       used 66741K, committed 67648K, reserved 1114112K
  class space    used 8138K, committed 8512K, reserved 1048576K
}
Event: 416.114 GC heap after
{Heap after GC invocations=80 (full 3):
 PSYoungGen      total 13312K, used 480K [0x00000000eab00000, 0x00000000eba80000, 0x0000000100000000)
  eden space 12800K, 0% used [0x00000000eab00000,0x00000000eab00000,0x00000000eb780000)
  from space 512K, 93% used [0x00000000eb800000,0x00000000eb878010,0x00000000eb880000)
  to   space 1536K, 0% used [0x00000000eb900000,0x00000000eb900000,0x00000000eba80000)
 ParOldGen       total 68608K, used 44451K [0x00000000c0000000, 0x00000000c4300000, 0x00000000eab00000)
  object space 68608K, 64% used [0x00000000c0000000,0x00000000c2b68ea0,0x00000000c4300000)
 Metaspace       used 66741K, committed 67648K, reserved 1114112K
  class space    used 8138K, committed 8512K, reserved 1048576K
}
Event: 416.171 GC heap before
{Heap before GC invocations=81 (full 3):
 PSYoungGen      total 13312K, used 13280K [0x00000000eab00000, 0x00000000eba80000, 0x0000000100000000)
  eden space 12800K, 100% used [0x00000000eab00000,0x00000000eb780000,0x00000000eb780000)
  from space 512K, 93% used [0x00000000eb800000,0x00000000eb878010,0x00000000eb880000)
  to   space 1536K, 0% used [0x00000000eb900000,0x00000000eb900000,0x00000000eba80000)
 ParOldGen       total 68608K, used 44451K [0x00000000c0000000, 0x00000000c4300000, 0x00000000eab00000)
  object space 68608K, 64% used [0x00000000c0000000,0x00000000c2b68ea0,0x00000000c4300000)
 Metaspace       used 66746K, committed 67648K, reserved 1114112K
  class space    used 8138K, committed 8512K, reserved 1048576K
}
Event: 416.173 GC heap after
{Heap after GC invocations=81 (full 3):
 PSYoungGen      total 14336K, used 1280K [0x00000000eab00000, 0x00000000eba80000, 0x0000000100000000)
  eden space 12800K, 0% used [0x00000000eab00000,0x00000000eab00000,0x00000000eb780000)
  from space 1536K, 83% used [0x00000000eb900000,0x00000000eba40010,0x00000000eba80000)
  to   space 1536K, 0% used [0x00000000eb780000,0x00000000eb780000,0x00000000eb900000)
 ParOldGen       total 68608K, used 44899K [0x00000000c0000000, 0x00000000c4300000, 0x00000000eab00000)
  object space 68608K, 65% used [0x00000000c0000000,0x00000000c2bd8f58,0x00000000c4300000)
 Metaspace       used 66746K, committed 67648K, reserved 1114112K
  class space    used 8138K, committed 8512K, reserved 1048576K
}
Event: 416.233 GC heap before
{Heap before GC invocations=82 (full 3):
 PSYoungGen      total 14336K, used 14080K [0x00000000eab00000, 0x00000000eba80000, 0x0000000100000000)
  eden space 12800K, 100% used [0x00000000eab00000,0x00000000eb780000,0x00000000eb780000)
  from space 1536K, 83% used [0x00000000eb900000,0x00000000eba40010,0x00000000eba80000)
  to   space 1536K, 0% used [0x00000000eb780000,0x00000000eb780000,0x00000000eb900000)
 ParOldGen       total 68608K, used 44899K [0x00000000c0000000, 0x00000000c4300000, 0x00000000eab00000)
  object space 68608K, 65% used [0x00000000c0000000,0x00000000c2bd8f58,0x00000000c4300000)
 Metaspace       used 66754K, committed 67648K, reserved 1114112K
  class space    used 8138K, committed 8512K, reserved 1048576K
}
Event: 416.235 GC heap after
{Heap after GC invocations=82 (full 3):
 PSYoungGen      total 14336K, used 1248K [0x00000000eab00000, 0x00000000eba80000, 0x0000000100000000)
  eden space 12800K, 0% used [0x00000000eab00000,0x00000000eab00000,0x00000000eb780000)
  from space 1536K, 81% used [0x00000000eb780000,0x00000000eb8b8000,0x00000000eb900000)
  to   space 1536K, 0% used [0x00000000eb900000,0x00000000eb900000,0x00000000eba80000)
 ParOldGen       total 68608K, used 46067K [0x00000000c0000000, 0x00000000c4300000, 0x00000000eab00000)
  object space 68608K, 67% used [0x00000000c0000000,0x00000000c2cfcf68,0x00000000c4300000)
 Metaspace       used 66754K, committed 67648K, reserved 1114112K
  class space    used 8138K, committed 8512K, reserved 1048576K
}
Event: 416.265 GC heap before
{Heap before GC invocations=83 (full 3):
 PSYoungGen      total 14336K, used 14048K [0x00000000eab00000, 0x00000000eba80000, 0x0000000100000000)
  eden space 12800K, 100% used [0x00000000eab00000,0x00000000eb780000,0x00000000eb780000)
  from space 1536K, 81% used [0x00000000eb780000,0x00000000eb8b8000,0x00000000eb900000)
  to   space 1536K, 0% used [0x00000000eb900000,0x00000000eb900000,0x00000000eba80000)
 ParOldGen       total 68608K, used 46067K [0x00000000c0000000, 0x00000000c4300000, 0x00000000eab00000)
  object space 68608K, 67% used [0x00000000c0000000,0x00000000c2cfcf68,0x00000000c4300000)
 Metaspace       used 66766K, committed 67648K, reserved 1114112K
  class space    used 8138K, committed 8512K, reserved 1048576K
}
Event: 416.267 GC heap after
{Heap after GC invocations=83 (full 3):
 PSYoungGen      total 14336K, used 1312K [0x00000000eab00000, 0x00000000eba80000, 0x0000000100000000)
  eden space 12800K, 0% used [0x00000000eab00000,0x00000000eab00000,0x00000000eb780000)
  from space 1536K, 85% used [0x00000000eb900000,0x00000000eba48000,0x00000000eba80000)
  to   space 1536K, 0% used [0x00000000eb780000,0x00000000eb780000,0x00000000eb900000)
 ParOldGen       total 68608K, used 47224K [0x00000000c0000000, 0x00000000c4300000, 0x00000000eab00000)
  object space 68608K, 68% used [0x00000000c0000000,0x00000000c2e1e060,0x00000000c4300000)
 Metaspace       used 66766K, committed 67648K, reserved 1114112K
  class space    used 8138K, committed 8512K, reserved 1048576K
}
Event: 416.298 GC heap before
{Heap before GC invocations=84 (full 3):
 PSYoungGen      total 14336K, used 14112K [0x00000000eab00000, 0x00000000eba80000, 0x0000000100000000)
  eden space 12800K, 100% used [0x00000000eab00000,0x00000000eb780000,0x00000000eb780000)
  from space 1536K, 85% used [0x00000000eb900000,0x00000000eba48000,0x00000000eba80000)
  to   space 1536K, 0% used [0x00000000eb780000,0x00000000eb780000,0x00000000eb900000)
 ParOldGen       total 68608K, used 47224K [0x00000000c0000000, 0x00000000c4300000, 0x00000000eab00000)
  object space 68608K, 68% used [0x00000000c0000000,0x00000000c2e1e060,0x00000000c4300000)
 Metaspace       used 66772K, committed 67648K, reserved 1114112K
  class space    used 8138K, committed 8512K, reserved 1048576K
}
Event: 416.300 GC heap after
{Heap after GC invocations=84 (full 3):
 PSYoungGen      total 14336K, used 1472K [0x00000000eab00000, 0x00000000eba80000, 0x0000000100000000)
  eden space 12800K, 0% used [0x00000000eab00000,0x00000000eab00000,0x00000000eb780000)
  from space 1536K, 95% used [0x00000000eb780000,0x00000000eb8f0010,0x00000000eb900000)
  to   space 1536K, 0% used [0x00000000eb900000,0x00000000eb900000,0x00000000eba80000)
 ParOldGen       total 68608K, used 48372K [0x00000000c0000000, 0x00000000c4300000, 0x00000000eab00000)
  object space 68608K, 70% used [0x00000000c0000000,0x00000000c2f3d160,0x00000000c4300000)
 Metaspace       used 66772K, committed 67648K, reserved 1114112K
  class space    used 8138K, committed 8512K, reserved 1048576K
}
Event: 416.341 GC heap before
{Heap before GC invocations=85 (full 3):
 PSYoungGen      total 14336K, used 14272K [0x00000000eab00000, 0x00000000eba80000, 0x0000000100000000)
  eden space 12800K, 100% used [0x00000000eab00000,0x00000000eb780000,0x00000000eb780000)
  from space 1536K, 95% used [0x00000000eb780000,0x00000000eb8f0010,0x00000000eb900000)
  to   space 1536K, 0% used [0x00000000eb900000,0x00000000eb900000,0x00000000eba80000)
 ParOldGen       total 68608K, used 48372K [0x00000000c0000000, 0x00000000c4300000, 0x00000000eab00000)
  object space 68608K, 70% used [0x00000000c0000000,0x00000000c2f3d160,0x00000000c4300000)
 Metaspace       used 66779K, committed 67648K, reserved 1114112K
  class space    used 8140K, committed 8512K, reserved 1048576K
}
Event: 416.343 GC heap after
{Heap after GC invocations=85 (full 3):
 PSYoungGen      total 14336K, used 1248K [0x00000000eab00000, 0x00000000eba80000, 0x0000000100000000)
  eden space 12800K, 0% used [0x00000000eab00000,0x00000000eab00000,0x00000000eb780000)
  from space 1536K, 81% used [0x00000000eb900000,0x00000000eba38000,0x00000000eba80000)
  to   space 1536K, 0% used [0x00000000eb780000,0x00000000eb780000,0x00000000eb900000)
 ParOldGen       total 68608K, used 49719K [0x00000000c0000000, 0x00000000c4300000, 0x00000000eab00000)
  object space 68608K, 72% used [0x00000000c0000000,0x00000000c308dc88,0x00000000c4300000)
 Metaspace       used 66779K, committed 67648K, reserved 1114112K
  class space    used 8140K, committed 8512K, reserved 1048576K
}

